2022.10.28 09:53:39 INFO  tracing is disabled for protocol LSP, to enable tracing of incoming and outgoing JSON messages create an empty file at /home/mkozi/git/scala_RockTheJVM-Tutorials/.metals/lsp.trace.json or /home/mkozi/.cache/metals/lsp.trace.json[0m
2022.10.28 09:53:40 INFO  logging to file /home/mkozi/git/scala_RockTheJVM-Tutorials/.metals/metals.log[0m
2022.10.28 09:53:40 INFO  Started: Metals version 0.11.9 in workspace '/home/mkozi/git/scala_RockTheJVM-Tutorials' for client Visual Studio Code 1.72.2.[0m
2022.10.28 09:53:44 INFO  time: initialize in 3.4s[0m
2022.10.28 09:53:44 WARN  Build server is not auto-connectable.[0m
2022.10.28 09:53:44 WARN  no build tool detected in workspace '/home/mkozi/git/scala_RockTheJVM-Tutorials'. The most common cause for this problem is that the editor was opened in the wrong working directory, for example if you use sbt then the workspace directory should contain build.sbt. [0m
2022.10.28 09:54:44 INFO  [0m
2022.10.28 09:54:44 INFO  Template applied in /home/mkozi/git/scala_RockTheJVM-Tutorials/./youtube[0m
2022.10.28 09:54:44 INFO  [0m
2022.10.28 09:54:44 INFO  time: ran 'giter8.Giter8' in 6.54s[0m
2022.10.28 09:56:09 WARN  no build target for: /home/mkozi/git/scala_RockTheJVM-Tutorials/youtube/src/main/scala/Main.scala[0m
2022.10.28 09:56:12 INFO  no build target found for /home/mkozi/git/scala_RockTheJVM-Tutorials/youtube/src/main/scala/Main.scala. Using presentation compiler with project's scala-library version: 3.2.0[0m
2022.10.28 09:56:15 INFO  time: code lens generation in 5.27s[0m
2022.10.28 10:00:30 WARN  no build tool detected in workspace '/home/mkozi/git/scala_RockTheJVM-Tutorials'. The most common cause for this problem is that the editor was opened in the wrong working directory, for example if you use sbt then the workspace directory should contain build.sbt. [0m
Oct 28, 2022 11:31:04 AM org.eclipse.lsp4j.jsonrpc.services.GenericEndpoint notify
INFO: Unsupported notification method: $/setTrace
2022.10.28 17:24:23 INFO  tracing is disabled for protocol LSP, to enable tracing of incoming and outgoing JSON messages create an empty file at /home/mkozi/git/scala_RockTheJVM-Tutorials/.metals/lsp.trace.json or /home/mkozi/.cache/metals/lsp.trace.json[0m
2022.10.28 17:24:24 INFO  logging to file /home/mkozi/git/scala_RockTheJVM-Tutorials/.metals/metals.log[0m
2022.10.28 17:24:24 INFO  Started: Metals version 0.11.9 in workspace '/home/mkozi/git/scala_RockTheJVM-Tutorials' for client Visual Studio Code 1.72.2.[0m
2022.10.28 17:24:27 INFO  time: initialize in 2.72s[0m
2022.10.28 17:24:27 WARN  Build server is not auto-connectable.[0m
2022.10.28 17:24:27 WARN  no build tool detected in workspace '/home/mkozi/git/scala_RockTheJVM-Tutorials'. The most common cause for this problem is that the editor was opened in the wrong working directory, for example if you use sbt then the workspace directory should contain build.sbt. [0m
2022.10.28 17:24:35 INFO  no build target found for /home/mkozi/git/scala_RockTheJVM-Tutorials/youtube/src/main/scala/worksheets/pattern-matching-tricks.worksheet.sc. Using presentation compiler with project's scala-library version: 3.2.0[0m
Oct 28, 2022 5:24:37 PM org.eclipse.lsp4j.jsonrpc.RemoteEndpoint handleCancellation
WARNING: Unmatched cancel notification for request id 2
2022.10.28 17:24:43 INFO  time: code lens generation in 13s[0m
2022.10.28 17:24:46 INFO  no build target found for /home/mkozi/git/scala_RockTheJVM-Tutorials/youtube/src/main/scala/worksheets/pattern-matching-tricks.worksheet.sc. Using presentation compiler with project's scala-library version: 3.2.0[0m
2022.10.28 17:24:46 INFO  time: evaluated worksheet 'pattern-matching-tricks.worksheet.sc' in 18s[0m
2022.10.28 17:24:50 INFO  time: evaluated worksheet 'pattern-matching-tricks.worksheet.sc' in 3.4s[0m
[31merror[39m: youtube/src/main/scala/worksheets/pattern-matching-tricks.worksheet.sc:78:12: = expected but end of file found
val ordinal
           ^
2022.10.28 17:26:04 INFO  time: evaluated worksheet 'pattern-matching-tricks.worksheet.sc' in 0.99s[0m
[31merror[39m: youtube/src/main/scala/worksheets/pattern-matching-tricks.worksheet.sc:78:14: = expected but end of file found
val ordinal2 
             ^
2022.10.28 17:26:05 INFO  time: evaluated worksheet 'pattern-matching-tricks.worksheet.sc' in 0.71s[0m
[31merror[39m: youtube/src/main/scala/worksheets/pattern-matching-tricks.worksheet.sc:78:16: illegal start of simple expression
val ordinal2 = 
               ^
2022.10.28 17:26:07 INFO  time: evaluated worksheet 'pattern-matching-tricks.worksheet.sc' in 0.76s[0m
[31merror[39m: youtube/src/main/scala/worksheets/pattern-matching-tricks.worksheet.sc:78:16: 
Not found: anu
val ordinal2 = anu
               ^^^
2022.10.28 17:26:11 INFO  time: evaluated worksheet 'pattern-matching-tricks.worksheet.sc' in 1.06s[0m
[31merror[39m: youtube/src/main/scala/worksheets/pattern-matching-tricks.worksheet.sc:79:7: illegal start of simple pattern
  case
      ^
2022.10.28 17:26:17 INFO  time: evaluated worksheet 'pattern-matching-tricks.worksheet.sc' in 0.6s[0m
2022.10.28 17:26:22 INFO  time: evaluated worksheet 'pattern-matching-tricks.worksheet.sc' in 2.21s[0m
2022.10.28 17:26:24 INFO  time: evaluated worksheet 'pattern-matching-tricks.worksheet.sc' in 1.91s[0m
2022.10.28 17:26:26 INFO  time: evaluated worksheet 'pattern-matching-tricks.worksheet.sc' in 2.14s[0m
[31merror[39m: youtube/src/main/scala/worksheets/pattern-matching-tricks.worksheet.sc:80:9: illegal start of simple pattern
  case  => 
        ^^
2022.10.28 17:26:30 INFO  time: evaluated worksheet 'pattern-matching-tricks.worksheet.sc' in 0.47s[0m
2022.10.28 17:26:38 INFO  time: evaluated worksheet 'pattern-matching-tricks.worksheet.sc' in 1.53s[0m
2022.10.28 17:26:44 INFO  time: evaluated worksheet 'pattern-matching-tricks.worksheet.sc' in 1.4s[0m
[31merror[39m: youtube/src/main/scala/worksheets/pattern-matching-tricks.worksheet.sc:81:8: illegal start of simple pattern
  case 
       ^
Oct 28, 2022 5:26:46 PM org.eclipse.lsp4j.jsonrpc.RemoteEndpoint handleCancellation
WARNING: Unmatched cancel notification for request id 120
2022.10.28 17:26:46 INFO  time: evaluated worksheet 'pattern-matching-tricks.worksheet.sc' in 0.52s[0m
2022.10.28 17:26:50 INFO  time: evaluated worksheet 'pattern-matching-tricks.worksheet.sc' in 1.32s[0m
2022.10.28 17:26:52 INFO  time: evaluated worksheet 'pattern-matching-tricks.worksheet.sc' in 1.62s[0m
[31merror[39m: youtube/src/main/scala/worksheets/pattern-matching-tricks.worksheet.sc:82:7: illegal start of simple pattern
  case
      ^
2022.10.28 17:26:53 INFO  time: evaluated worksheet 'pattern-matching-tricks.worksheet.sc' in 0.33s[0m
[31merror[39m: youtube/src/main/scala/worksheets/pattern-matching-tricks.worksheet.sc:82:10: => expected but end of file found
  case n 
         ^
2022.10.28 17:26:56 INFO  time: evaluated worksheet 'pattern-matching-tricks.worksheet.sc' in 0.49s[0m
[31merror[39m: youtube/src/main/scala/worksheets/pattern-matching-tricks.worksheet.sc:82:13: illegal start of simple expression
  case n if 
            ^
2022.10.28 17:26:58 INFO  time: evaluated worksheet 'pattern-matching-tricks.worksheet.sc' in 0.34s[0m
[31merror[39m: youtube/src/main/scala/worksheets/pattern-matching-tricks.worksheet.sc:82:15: => expected but end of file found
  case n if n 
              ^
2022.10.28 17:27:00 INFO  time: evaluated worksheet 'pattern-matching-tricks.worksheet.sc' in 0.29s[0m
[31merror[39m: youtube/src/main/scala/worksheets/pattern-matching-tricks.worksheet.sc:82:16: => expected but end of file found
  case n if n %
               ^
2022.10.29 07:11:30 INFO  time: evaluated worksheet 'pattern-matching-tricks.worksheet.sc' in 0.54s[0m
[31merror[39m: youtube/src/main/scala/worksheets/pattern-matching-tricks.worksheet.sc:82:25: => expected but = found
  case n if n % 10 == 1 =
                        ^
2022.10.29 07:11:35 INFO  time: evaluated worksheet 'pattern-matching-tricks.worksheet.sc' in 0.38s[0m
2022.10.29 07:11:40 INFO  time: evaluated worksheet 'pattern-matching-tricks.worksheet.sc' in 1.04s[0m
[33mwarning[39m: youtube/src/main/scala/worksheets/pattern-matching-tricks.worksheet.sc:82:28: 
method + in class Int is deprecated since 2.13.0: Adding a number and a String is deprecated. Use the string interpolation `s"$num$str"`
  case n if n % 10 == 1 => n + "st"
                           ^^^
2022.10.29 07:11:44 INFO  time: evaluated worksheet 'pattern-matching-tricks.worksheet.sc' in 1.07s[0m
[33mwarning[39m: youtube/src/main/scala/worksheets/pattern-matching-tricks.worksheet.sc:82:28: 
method + in class Int is deprecated since 2.13.0: Adding a number and a String is deprecated. Use the string interpolation `s"$num$str"`
  case n if n % 10 == 1 => n + "st"
                           ^^^
2022.10.29 07:11:48 INFO  time: evaluated worksheet 'pattern-matching-tricks.worksheet.sc' in 1.06s[0m
Oct 29, 2022 7:11:58 AM org.eclipse.lsp4j.jsonrpc.RemoteEndpoint handleCancellation
WARNING: Unmatched cancel notification for request id 256
[31merror[39m: youtube/src/main/scala/worksheets/pattern-matching-tricks.worksheet.sc:83:3: 
Not found: casd
  casd
  ^^^^
2022.10.29 07:11:58 INFO  time: evaluated worksheet 'pattern-matching-tricks.worksheet.sc' in 0.44s[0m
[31merror[39m: youtube/src/main/scala/worksheets/pattern-matching-tricks.worksheet.sc:83:14: => expected but end of file found
  case n if n
             ^
2022.10.29 07:12:02 INFO  time: evaluated worksheet 'pattern-matching-tricks.worksheet.sc' in 0.29s[0m
[31merror[39m: youtube/src/main/scala/worksheets/pattern-matching-tricks.worksheet.sc:83:15: => expected but end of file found
  case n if n 
              ^
2022.10.29 07:12:04 INFO  time: evaluated worksheet 'pattern-matching-tricks.worksheet.sc' in 0.31s[0m
[31merror[39m: youtube/src/main/scala/worksheets/pattern-matching-tricks.worksheet.sc:83:20: => expected but = found
  case n if n % 10 = 2
                   ^
2022.10.29 07:12:09 INFO  time: evaluated worksheet 'pattern-matching-tricks.worksheet.sc' in 0.23s[0m
[31merror[39m: youtube/src/main/scala/worksheets/pattern-matching-tricks.worksheet.sc:83:20: => expected but = found
  case n if n % 10 = 2 
                   ^
2022.10.29 07:12:10 INFO  time: evaluated worksheet 'pattern-matching-tricks.worksheet.sc' in 0.27s[0m
[31merror[39m: youtube/src/main/scala/worksheets/pattern-matching-tricks.worksheet.sc:83:20: => expected but = found
  case n if n % 10 = 2 => 
                   ^
2022.10.29 07:12:13 INFO  time: evaluated worksheet 'pattern-matching-tricks.worksheet.sc' in 0.3s[0m
[33mwarning[39m: youtube/src/main/scala/worksheets/pattern-matching-tricks.worksheet.sc:82:28: 
method + in class Int is deprecated since 2.13.0: Adding a number and a String is deprecated. Use the string interpolation `s"$num$str"`
  case n if n % 10 == 1 => n + "st"
                           ^^^
2022.10.29 07:12:18 INFO  time: evaluated worksheet 'pattern-matching-tricks.worksheet.sc' in 0.86s[0m
[33mwarning[39m: youtube/src/main/scala/worksheets/pattern-matching-tricks.worksheet.sc:82:28: 
method + in class Int is deprecated since 2.13.0: Adding a number and a String is deprecated. Use the string interpolation `s"$num$str"`
  case n if n % 10 == 1 => n + "st"
                           ^^^
[33mwarning[39m: youtube/src/main/scala/worksheets/pattern-matching-tricks.worksheet.sc:83:28: 
method + in class Int is deprecated since 2.13.0: Adding a number and a String is deprecated. Use the string interpolation `s"$num$str"`
  case n if n % 10 == 2 => n + "nd"
                           ^^^
2022.10.29 07:12:29 INFO  time: evaluated worksheet 'pattern-matching-tricks.worksheet.sc' in 0.85s[0m
[33mwarning[39m: youtube/src/main/scala/worksheets/pattern-matching-tricks.worksheet.sc:82:28: 
method + in class Int is deprecated since 2.13.0: Adding a number and a String is deprecated. Use the string interpolation `s"$num$str"`
  case n if n % 10 == 1 => n + "st"
                           ^^^
[33mwarning[39m: youtube/src/main/scala/worksheets/pattern-matching-tricks.worksheet.sc:83:28: 
method + in class Int is deprecated since 2.13.0: Adding a number and a String is deprecated. Use the string interpolation `s"$num$str"`
  case n if n % 10 == 2 => n + "nd"
                           ^^^
2022.10.29 07:12:31 INFO  time: evaluated worksheet 'pattern-matching-tricks.worksheet.sc' in 1s[0m
[31merror[39m: youtube/src/main/scala/worksheets/pattern-matching-tricks.worksheet.sc:84:10: => expected but end of file found
  case n 
         ^
2022.10.29 07:12:34 INFO  time: evaluated worksheet 'pattern-matching-tricks.worksheet.sc' in 0.19s[0m
[31merror[39m: youtube/src/main/scala/worksheets/pattern-matching-tricks.worksheet.sc:84:15: => expected but end of file found
  case n if n 
              ^
2022.10.29 07:12:38 INFO  time: evaluated worksheet 'pattern-matching-tricks.worksheet.sc' in 0.19s[0m
[31merror[39m: youtube/src/main/scala/worksheets/pattern-matching-tricks.worksheet.sc:84:23: => expected but end of file found
  case n if n % 10 == 
                      ^
2022.10.29 07:12:42 INFO  time: evaluated worksheet 'pattern-matching-tricks.worksheet.sc' in 0.31s[0m
[33mwarning[39m: youtube/src/main/scala/worksheets/pattern-matching-tricks.worksheet.sc:82:28: 
method + in class Int is deprecated since 2.13.0: Adding a number and a String is deprecated. Use the string interpolation `s"$num$str"`
  case n if n % 10 == 1 => n + "st"
                           ^^^
[33mwarning[39m: youtube/src/main/scala/worksheets/pattern-matching-tricks.worksheet.sc:83:28: 
method + in class Int is deprecated since 2.13.0: Adding a number and a String is deprecated. Use the string interpolation `s"$num$str"`
  case n if n % 10 == 2 => n + "nd"
                           ^^^
2022.10.29 07:12:45 INFO  time: evaluated worksheet 'pattern-matching-tricks.worksheet.sc' in 0.82s[0m
Oct 29, 2022 7:12:46 AM org.eclipse.lsp4j.jsonrpc.RemoteEndpoint handleCancellation
WARNING: Unmatched cancel notification for request id 439
[31merror[39m: youtube/src/main/scala/worksheets/pattern-matching-tricks.worksheet.sc:84:30: 
expression expected but unindent found
  case n if n % 10 == 3 => n + 
                             ^
2022.10.29 07:12:48 INFO  time: evaluated worksheet 'pattern-matching-tricks.worksheet.sc' in 0.34s[0m
[33mwarning[39m: youtube/src/main/scala/worksheets/pattern-matching-tricks.worksheet.sc:82:28: 
method + in class Int is deprecated since 2.13.0: Adding a number and a String is deprecated. Use the string interpolation `s"$num$str"`
  case n if n % 10 == 1 => n + "st"
                           ^^^
[33mwarning[39m: youtube/src/main/scala/worksheets/pattern-matching-tricks.worksheet.sc:83:28: 
method + in class Int is deprecated since 2.13.0: Adding a number and a String is deprecated. Use the string interpolation `s"$num$str"`
  case n if n % 10 == 2 => n + "nd"
                           ^^^
[33mwarning[39m: youtube/src/main/scala/worksheets/pattern-matching-tricks.worksheet.sc:84:28: 
method + in class Int is deprecated since 2.13.0: Adding a number and a String is deprecated. Use the string interpolation `s"$num$str"`
  case n if n % 10 == 3 => n + "r"
                           ^^^
2022.10.29 07:12:50 INFO  time: evaluated worksheet 'pattern-matching-tricks.worksheet.sc' in 0.85s[0m
[33mwarning[39m: youtube/src/main/scala/worksheets/pattern-matching-tricks.worksheet.sc:82:28: 
method + in class Int is deprecated since 2.13.0: Adding a number and a String is deprecated. Use the string interpolation `s"$num$str"`
  case n if n % 10 == 1 => n + "st"
                           ^^^
[33mwarning[39m: youtube/src/main/scala/worksheets/pattern-matching-tricks.worksheet.sc:83:28: 
method + in class Int is deprecated since 2.13.0: Adding a number and a String is deprecated. Use the string interpolation `s"$num$str"`
  case n if n % 10 == 2 => n + "nd"
                           ^^^
[33mwarning[39m: youtube/src/main/scala/worksheets/pattern-matching-tricks.worksheet.sc:84:28: 
method + in class Int is deprecated since 2.13.0: Adding a number and a String is deprecated. Use the string interpolation `s"$num$str"`
  case n if n % 10 == 3 => n + "rd"
                           ^^^
2022.10.29 07:12:51 INFO  time: evaluated worksheet 'pattern-matching-tricks.worksheet.sc' in 0.81s[0m
[33mwarning[39m: youtube/src/main/scala/worksheets/pattern-matching-tricks.worksheet.sc:82:28: 
method + in class Int is deprecated since 2.13.0: Adding a number and a String is deprecated. Use the string interpolation `s"$num$str"`
  case n if n % 10 == 1 => n + "st"
                           ^^^
[33mwarning[39m: youtube/src/main/scala/worksheets/pattern-matching-tricks.worksheet.sc:83:28: 
method + in class Int is deprecated since 2.13.0: Adding a number and a String is deprecated. Use the string interpolation `s"$num$str"`
  case n if n % 10 == 2 => n + "nd"
                           ^^^
[33mwarning[39m: youtube/src/main/scala/worksheets/pattern-matching-tricks.worksheet.sc:84:28: 
method + in class Int is deprecated since 2.13.0: Adding a number and a String is deprecated. Use the string interpolation `s"$num$str"`
  case n if n % 10 == 3 => n + "rd"
                           ^^^
2022.10.29 07:12:57 INFO  time: evaluated worksheet 'pattern-matching-tricks.worksheet.sc' in 0.85s[0m
[31merror[39m: youtube/src/main/scala/worksheets/pattern-matching-tricks.worksheet.sc:85:8: illegal start of simple pattern
  case 
       ^
2022.10.29 07:12:58 INFO  time: evaluated worksheet 'pattern-matching-tricks.worksheet.sc' in 0.2s[0m
[33mwarning[39m: youtube/src/main/scala/worksheets/pattern-matching-tricks.worksheet.sc:82:28: 
method + in class Int is deprecated since 2.13.0: Adding a number and a String is deprecated. Use the string interpolation `s"$num$str"`
  case n if n % 10 == 1 => n + "st"
                           ^^^
[33mwarning[39m: youtube/src/main/scala/worksheets/pattern-matching-tricks.worksheet.sc:83:28: 
method + in class Int is deprecated since 2.13.0: Adding a number and a String is deprecated. Use the string interpolation `s"$num$str"`
  case n if n % 10 == 2 => n + "nd"
                           ^^^
[33mwarning[39m: youtube/src/main/scala/worksheets/pattern-matching-tricks.worksheet.sc:84:28: 
method + in class Int is deprecated since 2.13.0: Adding a number and a String is deprecated. Use the string interpolation `s"$num$str"`
  case n if n % 10 == 3 => n + "rd"
                           ^^^
2022.10.29 07:13:03 INFO  time: evaluated worksheet 'pattern-matching-tricks.worksheet.sc' in 0.71s[0m
[33mwarning[39m: youtube/src/main/scala/worksheets/pattern-matching-tricks.worksheet.sc:82:28: 
method + in class Int is deprecated since 2.13.0: Adding a number and a String is deprecated. Use the string interpolation `s"$num$str"`
  case n if n % 10 == 1 => n + "st"
                           ^^^
[33mwarning[39m: youtube/src/main/scala/worksheets/pattern-matching-tricks.worksheet.sc:83:28: 
method + in class Int is deprecated since 2.13.0: Adding a number and a String is deprecated. Use the string interpolation `s"$num$str"`
  case n if n % 10 == 2 => n + "nd"
                           ^^^
[33mwarning[39m: youtube/src/main/scala/worksheets/pattern-matching-tricks.worksheet.sc:84:28: 
method + in class Int is deprecated since 2.13.0: Adding a number and a String is deprecated. Use the string interpolation `s"$num$str"`
  case n if n % 10 == 3 => n + "rd"
                           ^^^
2022.10.29 07:13:06 INFO  time: evaluated worksheet 'pattern-matching-tricks.worksheet.sc' in 0.71s[0m
[33mwarning[39m: youtube/src/main/scala/worksheets/pattern-matching-tricks.worksheet.sc:82:28: 
method + in class Int is deprecated since 2.13.0: Adding a number and a String is deprecated. Use the string interpolation `s"$num$str"`
  case n if n % 10 == 1 => n + "st"
                           ^^^
[33mwarning[39m: youtube/src/main/scala/worksheets/pattern-matching-tricks.worksheet.sc:83:28: 
method + in class Int is deprecated since 2.13.0: Adding a number and a String is deprecated. Use the string interpolation `s"$num$str"`
  case n if n % 10 == 2 => n + "nd"
                           ^^^
[33mwarning[39m: youtube/src/main/scala/worksheets/pattern-matching-tricks.worksheet.sc:84:28: 
method + in class Int is deprecated since 2.13.0: Adding a number and a String is deprecated. Use the string interpolation `s"$num$str"`
  case n if n % 10 == 3 => n + "rd"
                           ^^^
[33mwarning[39m: youtube/src/main/scala/worksheets/pattern-matching-tricks.worksheet.sc:85:13: 
method + in class Int is deprecated since 2.13.0: Adding a number and a String is deprecated. Use the string interpolation `s"$num$str"`
  case _ => aNumber + "th"
            ^^^^^^^^^
2022.10.29 07:13:12 INFO  time: evaluated worksheet 'pattern-matching-tricks.worksheet.sc' in 0.77s[0m
[33mwarning[39m: youtube/src/main/scala/worksheets/pattern-matching-tricks.worksheet.sc:82:28: 
method + in class Int is deprecated since 2.13.0: Adding a number and a String is deprecated. Use the string interpolation `s"$num$str"`
  case n if n % 10 == 1 => n + "st"
                           ^^^
[33mwarning[39m: youtube/src/main/scala/worksheets/pattern-matching-tricks.worksheet.sc:83:28: 
method + in class Int is deprecated since 2.13.0: Adding a number and a String is deprecated. Use the string interpolation `s"$num$str"`
  case n if n % 10 == 2 => n + "nd"
                           ^^^
[33mwarning[39m: youtube/src/main/scala/worksheets/pattern-matching-tricks.worksheet.sc:84:28: 
method + in class Int is deprecated since 2.13.0: Adding a number and a String is deprecated. Use the string interpolation `s"$num$str"`
  case n if n % 10 == 3 => n + "rd"
                           ^^^
[33mwarning[39m: youtube/src/main/scala/worksheets/pattern-matching-tricks.worksheet.sc:85:13: 
method + in class Int is deprecated since 2.13.0: Adding a number and a String is deprecated. Use the string interpolation `s"$num$str"`
  case _ => aNumber + "th"
            ^^^^^^^^^
2022.10.29 07:13:14 INFO  time: evaluated worksheet 'pattern-matching-tricks.worksheet.sc' in 0.72s[0m
[33mwarning[39m: youtube/src/main/scala/worksheets/pattern-matching-tricks.worksheet.sc:82:28: 
method + in class Int is deprecated since 2.13.0: Adding a number and a String is deprecated. Use the string interpolation `s"$num$str"`
  case n if n % 10 == 1 => n + "st"
                           ^^^
[33mwarning[39m: youtube/src/main/scala/worksheets/pattern-matching-tricks.worksheet.sc:83:28: 
method + in class Int is deprecated since 2.13.0: Adding a number and a String is deprecated. Use the string interpolation `s"$num$str"`
  case n if n % 10 == 2 => n + "nd"
                           ^^^
[33mwarning[39m: youtube/src/main/scala/worksheets/pattern-matching-tricks.worksheet.sc:84:28: 
method + in class Int is deprecated since 2.13.0: Adding a number and a String is deprecated. Use the string interpolation `s"$num$str"`
  case n if n % 10 == 3 => n + "rd"
                           ^^^
[33mwarning[39m: youtube/src/main/scala/worksheets/pattern-matching-tricks.worksheet.sc:85:13: 
method + in class Int is deprecated since 2.13.0: Adding a number and a String is deprecated. Use the string interpolation `s"$num$str"`
  case _ => aNumber + "th"
            ^^^^^^^^^
2022.10.29 07:13:16 INFO  time: evaluated worksheet 'pattern-matching-tricks.worksheet.sc' in 0.71s[0m
[33mwarning[39m: youtube/src/main/scala/worksheets/pattern-matching-tricks.worksheet.sc:82:28: 
method + in class Int is deprecated since 2.13.0: Adding a number and a String is deprecated. Use the string interpolation `s"$num$str"`
  case n if n % 10 == 1 => n + "st"
                           ^^^
[33mwarning[39m: youtube/src/main/scala/worksheets/pattern-matching-tricks.worksheet.sc:83:28: 
method + in class Int is deprecated since 2.13.0: Adding a number and a String is deprecated. Use the string interpolation `s"$num$str"`
  case n if n % 10 == 2 => n + "nd"
                           ^^^
[33mwarning[39m: youtube/src/main/scala/worksheets/pattern-matching-tricks.worksheet.sc:84:28: 
method + in class Int is deprecated since 2.13.0: Adding a number and a String is deprecated. Use the string interpolation `s"$num$str"`
  case n if n % 10 == 3 => n + "rd"
                           ^^^
[33mwarning[39m: youtube/src/main/scala/worksheets/pattern-matching-tricks.worksheet.sc:85:13: 
method + in class Int is deprecated since 2.13.0: Adding a number and a String is deprecated. Use the string interpolation `s"$num$str"`
  case _ => aNumber + "th"
            ^^^^^^^^^
2022.10.29 07:14:12 INFO  time: evaluated worksheet 'pattern-matching-tricks.worksheet.sc' in 0.74s[0m
[33mwarning[39m: youtube/src/main/scala/worksheets/pattern-matching-tricks.worksheet.sc:82:28: 
method + in class Int is deprecated since 2.13.0: Adding a number and a String is deprecated. Use the string interpolation `s"$num$str"`
  case n if n % 10 == 1 => n + "st"
                           ^^^
[33mwarning[39m: youtube/src/main/scala/worksheets/pattern-matching-tricks.worksheet.sc:83:28: 
method + in class Int is deprecated since 2.13.0: Adding a number and a String is deprecated. Use the string interpolation `s"$num$str"`
  case n if n % 10 == 2 => n + "nd"
                           ^^^
[33mwarning[39m: youtube/src/main/scala/worksheets/pattern-matching-tricks.worksheet.sc:84:28: 
method + in class Int is deprecated since 2.13.0: Adding a number and a String is deprecated. Use the string interpolation `s"$num$str"`
  case n if n % 10 == 3 => n + "rd"
                           ^^^
[33mwarning[39m: youtube/src/main/scala/worksheets/pattern-matching-tricks.worksheet.sc:85:13: 
method + in class Int is deprecated since 2.13.0: Adding a number and a String is deprecated. Use the string interpolation `s"$num$str"`
  case _ => aNumber + "th"
            ^^^^^^^^^
2022.10.29 07:14:13 INFO  time: evaluated worksheet 'pattern-matching-tricks.worksheet.sc' in 0.82s[0m
[31merror[39m: youtube/src/main/scala/worksheets/pattern-matching-tricks.worksheet.sc:87:1: 
Not found: or
or
^^
2022.10.29 07:14:14 INFO  time: evaluated worksheet 'pattern-matching-tricks.worksheet.sc' in 0.39s[0m
[33mwarning[39m: youtube/src/main/scala/worksheets/pattern-matching-tricks.worksheet.sc:82:28: 
method + in class Int is deprecated since 2.13.0: Adding a number and a String is deprecated. Use the string interpolation `s"$num$str"`
  case n if n % 10 == 1 => n + "st"
                           ^^^
[33mwarning[39m: youtube/src/main/scala/worksheets/pattern-matching-tricks.worksheet.sc:83:28: 
method + in class Int is deprecated since 2.13.0: Adding a number and a String is deprecated. Use the string interpolation `s"$num$str"`
  case n if n % 10 == 2 => n + "nd"
                           ^^^
[33mwarning[39m: youtube/src/main/scala/worksheets/pattern-matching-tricks.worksheet.sc:84:28: 
method + in class Int is deprecated since 2.13.0: Adding a number and a String is deprecated. Use the string interpolation `s"$num$str"`
  case n if n % 10 == 3 => n + "rd"
                           ^^^
[33mwarning[39m: youtube/src/main/scala/worksheets/pattern-matching-tricks.worksheet.sc:85:13: 
method + in class Int is deprecated since 2.13.0: Adding a number and a String is deprecated. Use the string interpolation `s"$num$str"`
  case _ => aNumber + "th"
            ^^^^^^^^^
2022.10.29 07:14:16 INFO  time: evaluated worksheet 'pattern-matching-tricks.worksheet.sc' in 0.71s[0m
[33mwarning[39m: youtube/src/main/scala/worksheets/pattern-matching-tricks.worksheet.sc:82:28: 
method + in class Int is deprecated since 2.13.0: Adding a number and a String is deprecated. Use the string interpolation `s"$num$str"`
  case n if n % 10 == 1 => n + "st"
                           ^^^
[33mwarning[39m: youtube/src/main/scala/worksheets/pattern-matching-tricks.worksheet.sc:83:28: 
method + in class Int is deprecated since 2.13.0: Adding a number and a String is deprecated. Use the string interpolation `s"$num$str"`
  case n if n % 10 == 2 => n + "nd"
                           ^^^
[33mwarning[39m: youtube/src/main/scala/worksheets/pattern-matching-tricks.worksheet.sc:84:28: 
method + in class Int is deprecated since 2.13.0: Adding a number and a String is deprecated. Use the string interpolation `s"$num$str"`
  case n if n % 10 == 3 => n + "rd"
                           ^^^
[33mwarning[39m: youtube/src/main/scala/worksheets/pattern-matching-tricks.worksheet.sc:85:13: 
method + in class Int is deprecated since 2.13.0: Adding a number and a String is deprecated. Use the string interpolation `s"$num$str"`
  case _ => aNumber + "th"
            ^^^^^^^^^
2022.10.29 07:14:18 INFO  time: evaluated worksheet 'pattern-matching-tricks.worksheet.sc' in 0.67s[0m
[33mwarning[39m: youtube/src/main/scala/worksheets/pattern-matching-tricks.worksheet.sc:82:28: 
method + in class Int is deprecated since 2.13.0: Adding a number and a String is deprecated. Use the string interpolation `s"$num$str"`
  case n if n % 10 == 1 => n + "st"
                           ^^^
[33mwarning[39m: youtube/src/main/scala/worksheets/pattern-matching-tricks.worksheet.sc:83:28: 
method + in class Int is deprecated since 2.13.0: Adding a number and a String is deprecated. Use the string interpolation `s"$num$str"`
  case n if n % 10 == 2 => n + "nd"
                           ^^^
[33mwarning[39m: youtube/src/main/scala/worksheets/pattern-matching-tricks.worksheet.sc:84:28: 
method + in class Int is deprecated since 2.13.0: Adding a number and a String is deprecated. Use the string interpolation `s"$num$str"`
  case n if n % 10 == 3 => n + "rd"
                           ^^^
[33mwarning[39m: youtube/src/main/scala/worksheets/pattern-matching-tricks.worksheet.sc:85:13: 
method + in class Int is deprecated since 2.13.0: Adding a number and a String is deprecated. Use the string interpolation `s"$num$str"`
  case _ => aNumber + "th"
            ^^^^^^^^^
2022.10.29 07:14:20 INFO  time: evaluated worksheet 'pattern-matching-tricks.worksheet.sc' in 0.64s[0m
[33mwarning[39m: youtube/src/main/scala/worksheets/pattern-matching-tricks.worksheet.sc:82:28: 
method + in class Int is deprecated since 2.13.0: Adding a number and a String is deprecated. Use the string interpolation `s"$num$str"`
  case n if n % 10 == 1 => n + "st"
                           ^^^
[33mwarning[39m: youtube/src/main/scala/worksheets/pattern-matching-tricks.worksheet.sc:83:28: 
method + in class Int is deprecated since 2.13.0: Adding a number and a String is deprecated. Use the string interpolation `s"$num$str"`
  case n if n % 10 == 2 => n + "nd"
                           ^^^
[33mwarning[39m: youtube/src/main/scala/worksheets/pattern-matching-tricks.worksheet.sc:84:28: 
method + in class Int is deprecated since 2.13.0: Adding a number and a String is deprecated. Use the string interpolation `s"$num$str"`
  case n if n % 10 == 3 => n + "rd"
                           ^^^
[33mwarning[39m: youtube/src/main/scala/worksheets/pattern-matching-tricks.worksheet.sc:85:13: 
method + in class Int is deprecated since 2.13.0: Adding a number and a String is deprecated. Use the string interpolation `s"$num$str"`
  case _ => aNumber + "th"
            ^^^^^^^^^
2022.10.29 07:14:32 INFO  time: evaluated worksheet 'pattern-matching-tricks.worksheet.sc' in 0.61s[0m
[33mwarning[39m: youtube/src/main/scala/worksheets/pattern-matching-tricks.worksheet.sc:82:28: 
method + in class Int is deprecated since 2.13.0: Adding a number and a String is deprecated. Use the string interpolation `s"$num$str"`
  case n if n % 10 == 1 => n + "st"
                           ^^^
[33mwarning[39m: youtube/src/main/scala/worksheets/pattern-matching-tricks.worksheet.sc:83:28: 
method + in class Int is deprecated since 2.13.0: Adding a number and a String is deprecated. Use the string interpolation `s"$num$str"`
  case n if n % 10 == 2 => n + "nd"
                           ^^^
[33mwarning[39m: youtube/src/main/scala/worksheets/pattern-matching-tricks.worksheet.sc:84:28: 
method + in class Int is deprecated since 2.13.0: Adding a number and a String is deprecated. Use the string interpolation `s"$num$str"`
  case n if n % 10 == 3 => n + "rd"
                           ^^^
[33mwarning[39m: youtube/src/main/scala/worksheets/pattern-matching-tricks.worksheet.sc:85:13: 
method + in class Int is deprecated since 2.13.0: Adding a number and a String is deprecated. Use the string interpolation `s"$num$str"`
  case _ => aNumber + "th"
            ^^^^^^^^^
2022.10.29 07:14:37 INFO  time: evaluated worksheet 'pattern-matching-tricks.worksheet.sc' in 0.69s[0m
Oct 29, 2022 7:14:38 AM org.eclipse.lsp4j.jsonrpc.RemoteEndpoint handleCancellation
WARNING: Unmatched cancel notification for request id 625
[33mwarning[39m: youtube/src/main/scala/worksheets/pattern-matching-tricks.worksheet.sc:82:28: 
method + in class Int is deprecated since 2.13.0: Adding a number and a String is deprecated. Use the string interpolation `s"$num$str"`
  case n if n % 10 == 1 => n + "st"
                           ^^^
[33mwarning[39m: youtube/src/main/scala/worksheets/pattern-matching-tricks.worksheet.sc:83:28: 
method + in class Int is deprecated since 2.13.0: Adding a number and a String is deprecated. Use the string interpolation `s"$num$str"`
  case n if n % 10 == 2 => n + "nd"
                           ^^^
[33mwarning[39m: youtube/src/main/scala/worksheets/pattern-matching-tricks.worksheet.sc:84:28: 
method + in class Int is deprecated since 2.13.0: Adding a number and a String is deprecated. Use the string interpolation `s"$num$str"`
  case n if n % 10 == 3 => n + "rd"
                           ^^^
[33mwarning[39m: youtube/src/main/scala/worksheets/pattern-matching-tricks.worksheet.sc:85:13: 
method + in class Int is deprecated since 2.13.0: Adding a number and a String is deprecated. Use the string interpolation `s"$num$str"`
  case _ => aNumber + "th"
            ^^^^^^^^^
2022.10.29 07:14:40 INFO  time: evaluated worksheet 'pattern-matching-tricks.worksheet.sc' in 0.66s[0m
[33mwarning[39m: youtube/src/main/scala/worksheets/pattern-matching-tricks.worksheet.sc:82:28: 
method + in class Int is deprecated since 2.13.0: Adding a number and a String is deprecated. Use the string interpolation `s"$num$str"`
  case n if n % 10 == 1 => n + "st"
                           ^^^
[33mwarning[39m: youtube/src/main/scala/worksheets/pattern-matching-tricks.worksheet.sc:83:28: 
method + in class Int is deprecated since 2.13.0: Adding a number and a String is deprecated. Use the string interpolation `s"$num$str"`
  case n if n % 10 == 2 => n + "nd"
                           ^^^
[33mwarning[39m: youtube/src/main/scala/worksheets/pattern-matching-tricks.worksheet.sc:84:28: 
method + in class Int is deprecated since 2.13.0: Adding a number and a String is deprecated. Use the string interpolation `s"$num$str"`
  case n if n % 10 == 3 => n + "rd"
                           ^^^
[33mwarning[39m: youtube/src/main/scala/worksheets/pattern-matching-tricks.worksheet.sc:85:13: 
method + in class Int is deprecated since 2.13.0: Adding a number and a String is deprecated. Use the string interpolation `s"$num$str"`
  case _ => aNumber + "th"
            ^^^^^^^^^
2022.10.29 07:14:57 INFO  time: evaluated worksheet 'pattern-matching-tricks.worksheet.sc' in 0.88s[0m
[33mwarning[39m: youtube/src/main/scala/worksheets/pattern-matching-tricks.worksheet.sc:82:28: 
method + in class Int is deprecated since 2.13.0: Adding a number and a String is deprecated. Use the string interpolation `s"$num$str"`
  case n if n % 10 == 1 => n + "st"
                           ^^^
[33mwarning[39m: youtube/src/main/scala/worksheets/pattern-matching-tricks.worksheet.sc:83:28: 
method + in class Int is deprecated since 2.13.0: Adding a number and a String is deprecated. Use the string interpolation `s"$num$str"`
  case n if n % 10 == 2 => n + "nd"
                           ^^^
[33mwarning[39m: youtube/src/main/scala/worksheets/pattern-matching-tricks.worksheet.sc:84:28: 
method + in class Int is deprecated since 2.13.0: Adding a number and a String is deprecated. Use the string interpolation `s"$num$str"`
  case n if n % 10 == 3 => n + "rd"
                           ^^^
[33mwarning[39m: youtube/src/main/scala/worksheets/pattern-matching-tricks.worksheet.sc:85:13: 
method + in class Int is deprecated since 2.13.0: Adding a number and a String is deprecated. Use the string interpolation `s"$num$str"`
  case _ => aNumber + "th"
            ^^^^^^^^^
2022.10.29 07:15:02 INFO  time: evaluated worksheet 'pattern-matching-tricks.worksheet.sc' in 0.95s[0m
[31merror[39m: youtube/src/main/scala/worksheets/pattern-matching-tricks.worksheet.sc:92:1: illegal start of simple pattern

^
2022.10.29 07:15:07 INFO  time: evaluated worksheet 'pattern-matching-tricks.worksheet.sc' in 0.27s[0m
[31merror[39m: youtube/src/main/scala/worksheets/pattern-matching-tricks.worksheet.sc:92:1: illegal start of simple pattern

^
2022.10.29 07:15:08 INFO  time: evaluated worksheet 'pattern-matching-tricks.worksheet.sc' in 0.29s[0m
[31merror[39m: youtube/src/main/scala/worksheets/pattern-matching-tricks.worksheet.sc:92:1: = expected but end of file found

^
2022.10.29 07:15:41 INFO  time: evaluated worksheet 'pattern-matching-tricks.worksheet.sc' in 0.18s[0m
[31merror[39m: youtube/src/main/scala/worksheets/pattern-matching-tricks.worksheet.sc:92:1: = expected but end of file found

^
2022.10.29 07:15:43 INFO  time: evaluated worksheet 'pattern-matching-tricks.worksheet.sc' in 0.18s[0m
[31merror[39m: youtube/src/main/scala/worksheets/pattern-matching-tricks.worksheet.sc:92:1: illegal start of simple expression

^
2022.10.29 07:15:45 INFO  time: evaluated worksheet 'pattern-matching-tricks.worksheet.sc' in 0.18s[0m
[31merror[39m: youtube/src/main/scala/worksheets/pattern-matching-tricks.worksheet.sc:91:22: illegal start of simple expression
val list8 = List(1,2,)
                     ^
2022.10.29 07:16:29 INFO  time: evaluated worksheet 'pattern-matching-tricks.worksheet.sc' in 0.27s[0m
[33mwarning[39m: youtube/src/main/scala/worksheets/pattern-matching-tricks.worksheet.sc:82:28: 
method + in class Int is deprecated since 2.13.0: Adding a number and a String is deprecated. Use the string interpolation `s"$num$str"`
  case n if n % 10 == 1 => n + "st"
                           ^^^
[33mwarning[39m: youtube/src/main/scala/worksheets/pattern-matching-tricks.worksheet.sc:83:28: 
method + in class Int is deprecated since 2.13.0: Adding a number and a String is deprecated. Use the string interpolation `s"$num$str"`
  case n if n % 10 == 2 => n + "nd"
                           ^^^
[33mwarning[39m: youtube/src/main/scala/worksheets/pattern-matching-tricks.worksheet.sc:84:28: 
method + in class Int is deprecated since 2.13.0: Adding a number and a String is deprecated. Use the string interpolation `s"$num$str"`
  case n if n % 10 == 3 => n + "rd"
                           ^^^
[33mwarning[39m: youtube/src/main/scala/worksheets/pattern-matching-tricks.worksheet.sc:85:13: 
method + in class Int is deprecated since 2.13.0: Adding a number and a String is deprecated. Use the string interpolation `s"$num$str"`
  case _ => aNumber + "th"
            ^^^^^^^^^
2022.10.29 07:16:32 INFO  time: evaluated worksheet 'pattern-matching-tricks.worksheet.sc' in 0.9s[0m
[31merror[39m: youtube/src/main/scala/worksheets/pattern-matching-tricks.worksheet.sc:91:27: illegal start of simple expression
val list8 = List(1,2,3,42,)
                          ^
2022.10.29 07:16:34 INFO  time: evaluated worksheet 'pattern-matching-tricks.worksheet.sc' in 0.29s[0m
[33mwarning[39m: youtube/src/main/scala/worksheets/pattern-matching-tricks.worksheet.sc:82:28: 
method + in class Int is deprecated since 2.13.0: Adding a number and a String is deprecated. Use the string interpolation `s"$num$str"`
  case n if n % 10 == 1 => n + "st"
                           ^^^
[33mwarning[39m: youtube/src/main/scala/worksheets/pattern-matching-tricks.worksheet.sc:83:28: 
method + in class Int is deprecated since 2.13.0: Adding a number and a String is deprecated. Use the string interpolation `s"$num$str"`
  case n if n % 10 == 2 => n + "nd"
                           ^^^
[33mwarning[39m: youtube/src/main/scala/worksheets/pattern-matching-tricks.worksheet.sc:84:28: 
method + in class Int is deprecated since 2.13.0: Adding a number and a String is deprecated. Use the string interpolation `s"$num$str"`
  case n if n % 10 == 3 => n + "rd"
                           ^^^
[33mwarning[39m: youtube/src/main/scala/worksheets/pattern-matching-tricks.worksheet.sc:85:13: 
method + in class Int is deprecated since 2.13.0: Adding a number and a String is deprecated. Use the string interpolation `s"$num$str"`
  case _ => aNumber + "th"
            ^^^^^^^^^
2022.10.29 07:16:36 INFO  time: evaluated worksheet 'pattern-matching-tricks.worksheet.sc' in 1s[0m
[33mwarning[39m: youtube/src/main/scala/worksheets/pattern-matching-tricks.worksheet.sc:82:28: 
method + in class Int is deprecated since 2.13.0: Adding a number and a String is deprecated. Use the string interpolation `s"$num$str"`
  case n if n % 10 == 1 => n + "st"
                           ^^^
[33mwarning[39m: youtube/src/main/scala/worksheets/pattern-matching-tricks.worksheet.sc:83:28: 
method + in class Int is deprecated since 2.13.0: Adding a number and a String is deprecated. Use the string interpolation `s"$num$str"`
  case n if n % 10 == 2 => n + "nd"
                           ^^^
[33mwarning[39m: youtube/src/main/scala/worksheets/pattern-matching-tricks.worksheet.sc:84:28: 
method + in class Int is deprecated since 2.13.0: Adding a number and a String is deprecated. Use the string interpolation `s"$num$str"`
  case n if n % 10 == 3 => n + "rd"
                           ^^^
[33mwarning[39m: youtube/src/main/scala/worksheets/pattern-matching-tricks.worksheet.sc:85:13: 
method + in class Int is deprecated since 2.13.0: Adding a number and a String is deprecated. Use the string interpolation `s"$num$str"`
  case _ => aNumber + "th"
            ^^^^^^^^^
2022.10.29 07:16:39 INFO  time: evaluated worksheet 'pattern-matching-tricks.worksheet.sc' in 0.9s[0m
[31merror[39m: youtube/src/main/scala/worksheets/pattern-matching-tricks.worksheet.sc:93:1: illegal start of simple pattern

^
2022.10.29 07:16:42 INFO  time: evaluated worksheet 'pattern-matching-tricks.worksheet.sc' in 0.26s[0m
[31merror[39m: youtube/src/main/scala/worksheets/pattern-matching-tricks.worksheet.sc:92:21: 
Not found: list
val myOptimalList = list
                    ^^^^
2022.10.29 07:17:15 INFO  time: evaluated worksheet 'pattern-matching-tricks.worksheet.sc' in 0.42s[0m
Oct 29, 2022 7:17:21 AM org.eclipse.lsp4j.jsonrpc.RemoteEndpoint handleCancellation
WARNING: Unmatched cancel notification for request id 830
Oct 29, 2022 7:17:21 AM org.eclipse.lsp4j.jsonrpc.RemoteEndpoint handleCancellation
WARNING: Unmatched cancel notification for request id 831
Oct 29, 2022 7:17:21 AM org.eclipse.lsp4j.jsonrpc.RemoteEndpoint handleCancellation
WARNING: Unmatched cancel notification for request id 832
Oct 29, 2022 7:17:21 AM org.eclipse.lsp4j.jsonrpc.RemoteEndpoint handleCancellation
WARNING: Unmatched cancel notification for request id 834
[31merror[39m: youtube/src/main/scala/worksheets/pattern-matching-tricks.worksheet.sc:94:1: illegal start of simple pattern

^
2022.10.29 07:17:22 INFO  time: evaluated worksheet 'pattern-matching-tricks.worksheet.sc' in 0.28s[0m
[31merror[39m: youtube/src/main/scala/worksheets/pattern-matching-tricks.worksheet.sc:94:1: => expected but end of file found

^
2022.10.29 07:17:25 INFO  time: evaluated worksheet 'pattern-matching-tricks.worksheet.sc' in 0.29s[0m
[31merror[39m: youtube/src/main/scala/worksheets/pattern-matching-tricks.worksheet.sc:93:19: illegal start of simple pattern
  case List(1,_,3<)
                  ^
2022.10.29 07:17:29 INFO  time: evaluated worksheet 'pattern-matching-tricks.worksheet.sc' in 0.27s[0m
[31merror[39m: youtube/src/main/scala/worksheets/pattern-matching-tricks.worksheet.sc:93:19: illegal start of simple pattern
  case List(1,_,3,)
                  ^
2022.10.29 07:17:31 INFO  time: evaluated worksheet 'pattern-matching-tricks.worksheet.sc' in 0.28s[0m
[31merror[39m: youtube/src/main/scala/worksheets/pattern-matching-tricks.worksheet.sc:94:1: => expected but end of file found

^
2022.10.29 07:17:34 INFO  time: evaluated worksheet 'pattern-matching-tricks.worksheet.sc' in 0.27s[0m
[33mwarning[39m: youtube/src/main/scala/worksheets/pattern-matching-tricks.worksheet.sc:82:28: 
method + in class Int is deprecated since 2.13.0: Adding a number and a String is deprecated. Use the string interpolation `s"$num$str"`
  case n if n % 10 == 1 => n + "st"
                           ^^^
[33mwarning[39m: youtube/src/main/scala/worksheets/pattern-matching-tricks.worksheet.sc:83:28: 
method + in class Int is deprecated since 2.13.0: Adding a number and a String is deprecated. Use the string interpolation `s"$num$str"`
  case n if n % 10 == 2 => n + "nd"
                           ^^^
[33mwarning[39m: youtube/src/main/scala/worksheets/pattern-matching-tricks.worksheet.sc:84:28: 
method + in class Int is deprecated since 2.13.0: Adding a number and a String is deprecated. Use the string interpolation `s"$num$str"`
  case n if n % 10 == 3 => n + "rd"
                           ^^^
[33mwarning[39m: youtube/src/main/scala/worksheets/pattern-matching-tricks.worksheet.sc:85:13: 
method + in class Int is deprecated since 2.13.0: Adding a number and a String is deprecated. Use the string interpolation `s"$num$str"`
  case _ => aNumber + "th"
            ^^^^^^^^^
[33mwarning[39m: youtube/src/main/scala/worksheets/pattern-matching-tricks.worksheet.sc:92:21: 
match may not be exhaustive.

It would fail on pattern case: List(_, _*), Nil

val myOptimalList = list8 match
                    ^^^^^
2022.10.29 07:17:38 INFO  time: evaluated worksheet 'pattern-matching-tricks.worksheet.sc' in 0.93s[0m
[31merror[39m: youtube/src/main/scala/worksheets/pattern-matching-tricks.worksheet.sc:93:15: illegal start of simple pattern
  case List(1,,_*) => 
              ^
2022.10.29 07:18:01 INFO  time: evaluated worksheet 'pattern-matching-tricks.worksheet.sc' in 0.21s[0m
[33mwarning[39m: youtube/src/main/scala/worksheets/pattern-matching-tricks.worksheet.sc:82:28: 
method + in class Int is deprecated since 2.13.0: Adding a number and a String is deprecated. Use the string interpolation `s"$num$str"`
  case n if n % 10 == 1 => n + "st"
                           ^^^
[33mwarning[39m: youtube/src/main/scala/worksheets/pattern-matching-tricks.worksheet.sc:83:28: 
method + in class Int is deprecated since 2.13.0: Adding a number and a String is deprecated. Use the string interpolation `s"$num$str"`
  case n if n % 10 == 2 => n + "nd"
                           ^^^
[33mwarning[39m: youtube/src/main/scala/worksheets/pattern-matching-tricks.worksheet.sc:84:28: 
method + in class Int is deprecated since 2.13.0: Adding a number and a String is deprecated. Use the string interpolation `s"$num$str"`
  case n if n % 10 == 3 => n + "rd"
                           ^^^
[33mwarning[39m: youtube/src/main/scala/worksheets/pattern-matching-tricks.worksheet.sc:85:13: 
method + in class Int is deprecated since 2.13.0: Adding a number and a String is deprecated. Use the string interpolation `s"$num$str"`
  case _ => aNumber + "th"
            ^^^^^^^^^
[33mwarning[39m: youtube/src/main/scala/worksheets/pattern-matching-tricks.worksheet.sc:92:21: 
match may not be exhaustive.

It would fail on pattern case: List(_, _*), Nil

val myOptimalList = list8 match
                    ^^^^^
2022.10.29 07:18:03 INFO  time: evaluated worksheet 'pattern-matching-tricks.worksheet.sc' in 0.63s[0m
Oct 29, 2022 7:18:09 AM org.eclipse.lsp4j.jsonrpc.RemoteEndpoint handleCancellation
WARNING: Unmatched cancel notification for request id 951
[31merror[39m: youtube/src/main/scala/worksheets/pattern-matching-tricks.worksheet.sc:93:22: illegal start of statement
  case List(1,_*) => => "I like this list"
                     ^^
2022.10.29 07:18:13 INFO  time: evaluated worksheet 'pattern-matching-tricks.worksheet.sc' in 0.17s[0m
[31merror[39m: youtube/src/main/scala/worksheets/pattern-matching-tricks.worksheet.sc:93:22: illegal start of statement
  case List(1,_*) => => "I like this list"
                     ^^
2022.10.29 07:18:17 INFO  time: evaluated worksheet 'pattern-matching-tricks.worksheet.sc' in 0.15s[0m
[31merror[39m: youtube/src/main/scala/worksheets/pattern-matching-tricks.worksheet.sc:93:22: illegal start of statement
  case List(1,_*) => => "I like this list"
                     ^^
2022.10.29 07:18:19 INFO  time: evaluated worksheet 'pattern-matching-tricks.worksheet.sc' in 0.21s[0m
[31merror[39m: youtube/src/main/scala/worksheets/pattern-matching-tricks.worksheet.sc:93:22: illegal start of statement
  case List(1,_*) => => "I like this list"
                     ^^
2022.10.29 07:18:22 INFO  time: evaluated worksheet 'pattern-matching-tricks.worksheet.sc' in 0.18s[0m
[31merror[39m: youtube/src/main/scala/worksheets/pattern-matching-tricks.worksheet.sc:93:22: illegal start of statement
  case List(1,_*) => => "I like this list"
                     ^^
2022.10.29 07:18:24 INFO  time: evaluated worksheet 'pattern-matching-tricks.worksheet.sc' in 0.15s[0m
[31merror[39m: youtube/src/main/scala/worksheets/pattern-matching-tricks.worksheet.sc:93:22: illegal start of statement
  case List(1,_*) => => "I like this list"
                     ^^
2022.10.29 07:18:25 INFO  time: evaluated worksheet 'pattern-matching-tricks.worksheet.sc' in 0.21s[0m
[31merror[39m: youtube/src/main/scala/worksheets/pattern-matching-tricks.worksheet.sc:93:22: illegal start of statement
  case List(1,_*) => => "I like this list"
                     ^^
2022.10.29 07:18:26 INFO  time: evaluated worksheet 'pattern-matching-tricks.worksheet.sc' in 0.17s[0m
[31merror[39m: youtube/src/main/scala/worksheets/pattern-matching-tricks.worksheet.sc:93:22: illegal start of statement
  case List(1,_*) => => "I like this list"
                     ^^
2022.10.29 07:18:30 INFO  time: evaluated worksheet 'pattern-matching-tricks.worksheet.sc' in 0.18s[0m
[31merror[39m: youtube/src/main/scala/worksheets/pattern-matching-tricks.worksheet.sc:93:22: illegal start of statement
  case List(1,_*) => => "I like this list"
                     ^^
2022.10.29 07:18:31 INFO  time: evaluated worksheet 'pattern-matching-tricks.worksheet.sc' in 0.2s[0m
Oct 29, 2022 7:18:35 AM org.eclipse.lsp4j.jsonrpc.RemoteEndpoint handleCancellation
WARNING: Unmatched cancel notification for request id 1081
Oct 29, 2022 7:18:35 AM org.eclipse.lsp4j.jsonrpc.RemoteEndpoint handleCancellation
WARNING: Unmatched cancel notification for request id 1082
[31merror[39m: youtube/src/main/scala/worksheets/pattern-matching-tricks.worksheet.sc:93:22: illegal start of statement
  case List(1,_*) => => "I like this list"
                     ^^
2022.10.29 07:18:38 INFO  time: evaluated worksheet 'pattern-matching-tricks.worksheet.sc' in 0.16s[0m
[31merror[39m: youtube/src/main/scala/worksheets/pattern-matching-tricks.worksheet.sc:93:22: illegal start of statement
  case List(1,_*) => => "I like this list"
                     ^^
2022.10.29 07:18:40 INFO  time: evaluated worksheet 'pattern-matching-tricks.worksheet.sc' in 0.14s[0m
[33mwarning[39m: youtube/src/main/scala/worksheets/pattern-matching-tricks.worksheet.sc:82:28: 
method + in class Int is deprecated since 2.13.0: Adding a number and a String is deprecated. Use the string interpolation `s"$num$str"`
  case n if n % 10 == 1 => n + "st"
                           ^^^
[33mwarning[39m: youtube/src/main/scala/worksheets/pattern-matching-tricks.worksheet.sc:83:28: 
method + in class Int is deprecated since 2.13.0: Adding a number and a String is deprecated. Use the string interpolation `s"$num$str"`
  case n if n % 10 == 2 => n + "nd"
                           ^^^
[33mwarning[39m: youtube/src/main/scala/worksheets/pattern-matching-tricks.worksheet.sc:84:28: 
method + in class Int is deprecated since 2.13.0: Adding a number and a String is deprecated. Use the string interpolation `s"$num$str"`
  case n if n % 10 == 3 => n + "rd"
                           ^^^
[33mwarning[39m: youtube/src/main/scala/worksheets/pattern-matching-tricks.worksheet.sc:85:13: 
method + in class Int is deprecated since 2.13.0: Adding a number and a String is deprecated. Use the string interpolation `s"$num$str"`
  case _ => aNumber + "th"
            ^^^^^^^^^
[33mwarning[39m: youtube/src/main/scala/worksheets/pattern-matching-tricks.worksheet.sc:92:21: 
match may not be exhaustive.

It would fail on pattern case: List(_, _*), Nil

val myOptimalList = list8 match
                    ^^^^^
2022.10.29 07:18:49 INFO  time: evaluated worksheet 'pattern-matching-tricks.worksheet.sc' in 0.59s[0m
[31merror[39m: youtube/src/main/scala/worksheets/pattern-matching-tricks.worksheet.sc:96:1: illegal start of simple pattern

^
2022.10.29 07:18:52 INFO  time: evaluated worksheet 'pattern-matching-tricks.worksheet.sc' in 0.18s[0m
Oct 29, 2022 7:18:57 AM org.eclipse.lsp4j.jsonrpc.RemoteEndpoint handleCancellation
WARNING: Unmatched cancel notification for request id 1149
[33mwarning[39m: youtube/src/main/scala/worksheets/pattern-matching-tricks.worksheet.sc:82:28: 
method + in class Int is deprecated since 2.13.0: Adding a number and a String is deprecated. Use the string interpolation `s"$num$str"`
  case n if n % 10 == 1 => n + "st"
                           ^^^
[33mwarning[39m: youtube/src/main/scala/worksheets/pattern-matching-tricks.worksheet.sc:83:28: 
method + in class Int is deprecated since 2.13.0: Adding a number and a String is deprecated. Use the string interpolation `s"$num$str"`
  case n if n % 10 == 2 => n + "nd"
                           ^^^
[33mwarning[39m: youtube/src/main/scala/worksheets/pattern-matching-tricks.worksheet.sc:84:28: 
method + in class Int is deprecated since 2.13.0: Adding a number and a String is deprecated. Use the string interpolation `s"$num$str"`
  case n if n % 10 == 3 => n + "rd"
                           ^^^
[33mwarning[39m: youtube/src/main/scala/worksheets/pattern-matching-tricks.worksheet.sc:85:13: 
method + in class Int is deprecated since 2.13.0: Adding a number and a String is deprecated. Use the string interpolation `s"$num$str"`
  case _ => aNumber + "th"
            ^^^^^^^^^
2022.10.29 07:19:00 INFO  time: evaluated worksheet 'pattern-matching-tricks.worksheet.sc' in 0.57s[0m
[33mwarning[39m: youtube/src/main/scala/worksheets/pattern-matching-tricks.worksheet.sc:82:28: 
method + in class Int is deprecated since 2.13.0: Adding a number and a String is deprecated. Use the string interpolation `s"$num$str"`
  case n if n % 10 == 1 => n + "st"
                           ^^^
[33mwarning[39m: youtube/src/main/scala/worksheets/pattern-matching-tricks.worksheet.sc:83:28: 
method + in class Int is deprecated since 2.13.0: Adding a number and a String is deprecated. Use the string interpolation `s"$num$str"`
  case n if n % 10 == 2 => n + "nd"
                           ^^^
[33mwarning[39m: youtube/src/main/scala/worksheets/pattern-matching-tricks.worksheet.sc:84:28: 
method + in class Int is deprecated since 2.13.0: Adding a number and a String is deprecated. Use the string interpolation `s"$num$str"`
  case n if n % 10 == 3 => n + "rd"
                           ^^^
[33mwarning[39m: youtube/src/main/scala/worksheets/pattern-matching-tricks.worksheet.sc:85:13: 
method + in class Int is deprecated since 2.13.0: Adding a number and a String is deprecated. Use the string interpolation `s"$num$str"`
  case _ => aNumber + "th"
            ^^^^^^^^^
2022.10.29 07:19:06 INFO  time: evaluated worksheet 'pattern-matching-tricks.worksheet.sc' in 0.63s[0m
[33mwarning[39m: youtube/src/main/scala/worksheets/pattern-matching-tricks.worksheet.sc:82:28: 
method + in class Int is deprecated since 2.13.0: Adding a number and a String is deprecated. Use the string interpolation `s"$num$str"`
  case n if n % 10 == 1 => n + "st"
                           ^^^
[33mwarning[39m: youtube/src/main/scala/worksheets/pattern-matching-tricks.worksheet.sc:83:28: 
method + in class Int is deprecated since 2.13.0: Adding a number and a String is deprecated. Use the string interpolation `s"$num$str"`
  case n if n % 10 == 2 => n + "nd"
                           ^^^
[33mwarning[39m: youtube/src/main/scala/worksheets/pattern-matching-tricks.worksheet.sc:84:28: 
method + in class Int is deprecated since 2.13.0: Adding a number and a String is deprecated. Use the string interpolation `s"$num$str"`
  case n if n % 10 == 3 => n + "rd"
                           ^^^
[33mwarning[39m: youtube/src/main/scala/worksheets/pattern-matching-tricks.worksheet.sc:85:13: 
method + in class Int is deprecated since 2.13.0: Adding a number and a String is deprecated. Use the string interpolation `s"$num$str"`
  case _ => aNumber + "th"
            ^^^^^^^^^
2022.10.29 07:19:15 INFO  time: evaluated worksheet 'pattern-matching-tricks.worksheet.sc' in 0.59s[0m
[33mwarning[39m: youtube/src/main/scala/worksheets/pattern-matching-tricks.worksheet.sc:82:28: 
method + in class Int is deprecated since 2.13.0: Adding a number and a String is deprecated. Use the string interpolation `s"$num$str"`
  case n if n % 10 == 1 => n + "st"
                           ^^^
[33mwarning[39m: youtube/src/main/scala/worksheets/pattern-matching-tricks.worksheet.sc:83:28: 
method + in class Int is deprecated since 2.13.0: Adding a number and a String is deprecated. Use the string interpolation `s"$num$str"`
  case n if n % 10 == 2 => n + "nd"
                           ^^^
[33mwarning[39m: youtube/src/main/scala/worksheets/pattern-matching-tricks.worksheet.sc:84:28: 
method + in class Int is deprecated since 2.13.0: Adding a number and a String is deprecated. Use the string interpolation `s"$num$str"`
  case n if n % 10 == 3 => n + "rd"
                           ^^^
[33mwarning[39m: youtube/src/main/scala/worksheets/pattern-matching-tricks.worksheet.sc:85:13: 
method + in class Int is deprecated since 2.13.0: Adding a number and a String is deprecated. Use the string interpolation `s"$num$str"`
  case _ => aNumber + "th"
            ^^^^^^^^^
2022.10.29 07:19:19 INFO  time: evaluated worksheet 'pattern-matching-tricks.worksheet.sc' in 0.62s[0m
[31merror[39m: youtube/src/main/scala/worksheets/pattern-matching-tricks.worksheet.sc:92:5: 
Double definition:
val list8: List[Int] in class MdocApp at line 132 and
val list8: List[Int] in class MdocApp at line 136

val list8 = List(1,2,3,42,5)
    ^
[31merror[39m: youtube/src/main/scala/worksheets/pattern-matching-tricks.worksheet.sc:93:5: 
Double definition:
val list8: List[Int] in class MdocApp at line 136 and
val list8: List[Int] in class MdocApp at line 140

val list8 = List(1,2,3,42,5)
    ^
2022.10.29 07:19:23 INFO  time: evaluated worksheet 'pattern-matching-tricks.worksheet.sc' in 0.36s[0m
[31merror[39m: youtube/src/main/scala/worksheets/pattern-matching-tricks.worksheet.sc:93:5: 
Double definition:
val list8: List[Int] in class MdocApp at line 132 and
val list8: List[Int] in class MdocApp at line 136

val list8 = List(1,2,3,42,5)
    ^
2022.10.29 07:19:29 INFO  time: evaluated worksheet 'pattern-matching-tricks.worksheet.sc' in 0.37s[0m
[31merror[39m: youtube/src/main/scala/worksheets/pattern-matching-tricks.worksheet.sc:93:5: 
Double definition:
val list8: List[Int] in class MdocApp at line 132 and
val list8: List[Int] in class MdocApp at line 136

val list8 = List(1,2,3,42,5)
    ^
2022.10.29 07:19:32 INFO  time: evaluated worksheet 'pattern-matching-tricks.worksheet.sc' in 0.33s[0m
[33mwarning[39m: youtube/src/main/scala/worksheets/pattern-matching-tricks.worksheet.sc:82:28: 
method + in class Int is deprecated since 2.13.0: Adding a number and a String is deprecated. Use the string interpolation `s"$num$str"`
  case n if n % 10 == 1 => n + "st"
                           ^^^
[33mwarning[39m: youtube/src/main/scala/worksheets/pattern-matching-tricks.worksheet.sc:83:28: 
method + in class Int is deprecated since 2.13.0: Adding a number and a String is deprecated. Use the string interpolation `s"$num$str"`
  case n if n % 10 == 2 => n + "nd"
                           ^^^
[33mwarning[39m: youtube/src/main/scala/worksheets/pattern-matching-tricks.worksheet.sc:84:28: 
method + in class Int is deprecated since 2.13.0: Adding a number and a String is deprecated. Use the string interpolation `s"$num$str"`
  case n if n % 10 == 3 => n + "rd"
                           ^^^
[33mwarning[39m: youtube/src/main/scala/worksheets/pattern-matching-tricks.worksheet.sc:85:13: 
method + in class Int is deprecated since 2.13.0: Adding a number and a String is deprecated. Use the string interpolation `s"$num$str"`
  case _ => aNumber + "th"
            ^^^^^^^^^
2022.10.29 07:19:41 INFO  time: evaluated worksheet 'pattern-matching-tricks.worksheet.sc' in 0.64s[0m
[33mwarning[39m: youtube/src/main/scala/worksheets/pattern-matching-tricks.worksheet.sc:82:28: 
method + in class Int is deprecated since 2.13.0: Adding a number and a String is deprecated. Use the string interpolation `s"$num$str"`
  case n if n % 10 == 1 => n + "st"
                           ^^^
[33mwarning[39m: youtube/src/main/scala/worksheets/pattern-matching-tricks.worksheet.sc:83:28: 
method + in class Int is deprecated since 2.13.0: Adding a number and a String is deprecated. Use the string interpolation `s"$num$str"`
  case n if n % 10 == 2 => n + "nd"
                           ^^^
[33mwarning[39m: youtube/src/main/scala/worksheets/pattern-matching-tricks.worksheet.sc:84:28: 
method + in class Int is deprecated since 2.13.0: Adding a number and a String is deprecated. Use the string interpolation `s"$num$str"`
  case n if n % 10 == 3 => n + "rd"
                           ^^^
[33mwarning[39m: youtube/src/main/scala/worksheets/pattern-matching-tricks.worksheet.sc:85:13: 
method + in class Int is deprecated since 2.13.0: Adding a number and a String is deprecated. Use the string interpolation `s"$num$str"`
  case _ => aNumber + "th"
            ^^^^^^^^^
2022.10.29 07:19:45 INFO  time: evaluated worksheet 'pattern-matching-tricks.worksheet.sc' in 0.58s[0m
[33mwarning[39m: youtube/src/main/scala/worksheets/pattern-matching-tricks.worksheet.sc:82:28: 
method + in class Int is deprecated since 2.13.0: Adding a number and a String is deprecated. Use the string interpolation `s"$num$str"`
  case n if n % 10 == 1 => n + "st"
                           ^^^
[33mwarning[39m: youtube/src/main/scala/worksheets/pattern-matching-tricks.worksheet.sc:83:28: 
method + in class Int is deprecated since 2.13.0: Adding a number and a String is deprecated. Use the string interpolation `s"$num$str"`
  case n if n % 10 == 2 => n + "nd"
                           ^^^
[33mwarning[39m: youtube/src/main/scala/worksheets/pattern-matching-tricks.worksheet.sc:84:28: 
method + in class Int is deprecated since 2.13.0: Adding a number and a String is deprecated. Use the string interpolation `s"$num$str"`
  case n if n % 10 == 3 => n + "rd"
                           ^^^
[33mwarning[39m: youtube/src/main/scala/worksheets/pattern-matching-tricks.worksheet.sc:85:13: 
method + in class Int is deprecated since 2.13.0: Adding a number and a String is deprecated. Use the string interpolation `s"$num$str"`
  case _ => aNumber + "th"
            ^^^^^^^^^
2022.10.29 07:19:48 INFO  time: evaluated worksheet 'pattern-matching-tricks.worksheet.sc' in 0.52s[0m
[33mwarning[39m: youtube/src/main/scala/worksheets/pattern-matching-tricks.worksheet.sc:82:28: 
method + in class Int is deprecated since 2.13.0: Adding a number and a String is deprecated. Use the string interpolation `s"$num$str"`
  case n if n % 10 == 1 => n + "st"
                           ^^^
[33mwarning[39m: youtube/src/main/scala/worksheets/pattern-matching-tricks.worksheet.sc:83:28: 
method + in class Int is deprecated since 2.13.0: Adding a number and a String is deprecated. Use the string interpolation `s"$num$str"`
  case n if n % 10 == 2 => n + "nd"
                           ^^^
[33mwarning[39m: youtube/src/main/scala/worksheets/pattern-matching-tricks.worksheet.sc:84:28: 
method + in class Int is deprecated since 2.13.0: Adding a number and a String is deprecated. Use the string interpolation `s"$num$str"`
  case n if n % 10 == 3 => n + "rd"
                           ^^^
[33mwarning[39m: youtube/src/main/scala/worksheets/pattern-matching-tricks.worksheet.sc:85:13: 
method + in class Int is deprecated since 2.13.0: Adding a number and a String is deprecated. Use the string interpolation `s"$num$str"`
  case _ => aNumber + "th"
            ^^^^^^^^^
[33mwarning[39m: youtube/src/main/scala/worksheets/pattern-matching-tricks.worksheet.sc:96:8: 
Unreachable case
  case List(_,_,3,_*) => "I like this list"
       ^^^^^^^^^^^^^^
2022.10.29 07:20:20 INFO  time: evaluated worksheet 'pattern-matching-tricks.worksheet.sc' in 1.01s[0m
[33mwarning[39m: youtube/src/main/scala/worksheets/pattern-matching-tricks.worksheet.sc:82:28: 
method + in class Int is deprecated since 2.13.0: Adding a number and a String is deprecated. Use the string interpolation `s"$num$str"`
  case n if n % 10 == 1 => n + "st"
                           ^^^
[33mwarning[39m: youtube/src/main/scala/worksheets/pattern-matching-tricks.worksheet.sc:83:28: 
method + in class Int is deprecated since 2.13.0: Adding a number and a String is deprecated. Use the string interpolation `s"$num$str"`
  case n if n % 10 == 2 => n + "nd"
                           ^^^
[33mwarning[39m: youtube/src/main/scala/worksheets/pattern-matching-tricks.worksheet.sc:84:28: 
method + in class Int is deprecated since 2.13.0: Adding a number and a String is deprecated. Use the string interpolation `s"$num$str"`
  case n if n % 10 == 3 => n + "rd"
                           ^^^
[33mwarning[39m: youtube/src/main/scala/worksheets/pattern-matching-tricks.worksheet.sc:85:13: 
method + in class Int is deprecated since 2.13.0: Adding a number and a String is deprecated. Use the string interpolation `s"$num$str"`
  case _ => aNumber + "th"
            ^^^^^^^^^
2022.10.29 07:20:29 INFO  time: evaluated worksheet 'pattern-matching-tricks.worksheet.sc' in 0.93s[0m
[31merror[39m: youtube/src/main/scala/worksheets/pattern-matching-tricks.worksheet.sc:94:21: 
Not found: list8
val myOptimalList = list8 match
                    ^^^^^
2022.10.29 07:20:36 INFO  time: evaluated worksheet 'pattern-matching-tricks.worksheet.sc' in 0.47s[0m
[33mwarning[39m: youtube/src/main/scala/worksheets/pattern-matching-tricks.worksheet.sc:82:28: 
method + in class Int is deprecated since 2.13.0: Adding a number and a String is deprecated. Use the string interpolation `s"$num$str"`
  case n if n % 10 == 1 => n + "st"
                           ^^^
[33mwarning[39m: youtube/src/main/scala/worksheets/pattern-matching-tricks.worksheet.sc:83:28: 
method + in class Int is deprecated since 2.13.0: Adding a number and a String is deprecated. Use the string interpolation `s"$num$str"`
  case n if n % 10 == 2 => n + "nd"
                           ^^^
[33mwarning[39m: youtube/src/main/scala/worksheets/pattern-matching-tricks.worksheet.sc:84:28: 
method + in class Int is deprecated since 2.13.0: Adding a number and a String is deprecated. Use the string interpolation `s"$num$str"`
  case n if n % 10 == 3 => n + "rd"
                           ^^^
[33mwarning[39m: youtube/src/main/scala/worksheets/pattern-matching-tricks.worksheet.sc:85:13: 
method + in class Int is deprecated since 2.13.0: Adding a number and a String is deprecated. Use the string interpolation `s"$num$str"`
  case _ => aNumber + "th"
            ^^^^^^^^^
2022.10.29 07:20:39 INFO  time: evaluated worksheet 'pattern-matching-tricks.worksheet.sc' in 0.98s[0m
[33mwarning[39m: youtube/src/main/scala/worksheets/pattern-matching-tricks.worksheet.sc:82:28: 
method + in class Int is deprecated since 2.13.0: Adding a number and a String is deprecated. Use the string interpolation `s"$num$str"`
  case n if n % 10 == 1 => n + "st"
                           ^^^
[33mwarning[39m: youtube/src/main/scala/worksheets/pattern-matching-tricks.worksheet.sc:83:28: 
method + in class Int is deprecated since 2.13.0: Adding a number and a String is deprecated. Use the string interpolation `s"$num$str"`
  case n if n % 10 == 2 => n + "nd"
                           ^^^
[33mwarning[39m: youtube/src/main/scala/worksheets/pattern-matching-tricks.worksheet.sc:84:28: 
method + in class Int is deprecated since 2.13.0: Adding a number and a String is deprecated. Use the string interpolation `s"$num$str"`
  case n if n % 10 == 3 => n + "rd"
                           ^^^
[33mwarning[39m: youtube/src/main/scala/worksheets/pattern-matching-tricks.worksheet.sc:85:13: 
method + in class Int is deprecated since 2.13.0: Adding a number and a String is deprecated. Use the string interpolation `s"$num$str"`
  case _ => aNumber + "th"
            ^^^^^^^^^
2022.10.29 07:20:50 INFO  time: evaluated worksheet 'pattern-matching-tricks.worksheet.sc' in 0.95s[0m
[33mwarning[39m: youtube/src/main/scala/worksheets/pattern-matching-tricks.worksheet.sc:82:28: 
method + in class Int is deprecated since 2.13.0: Adding a number and a String is deprecated. Use the string interpolation `s"$num$str"`
  case n if n % 10 == 1 => n + "st"
                           ^^^
[33mwarning[39m: youtube/src/main/scala/worksheets/pattern-matching-tricks.worksheet.sc:83:28: 
method + in class Int is deprecated since 2.13.0: Adding a number and a String is deprecated. Use the string interpolation `s"$num$str"`
  case n if n % 10 == 2 => n + "nd"
                           ^^^
[33mwarning[39m: youtube/src/main/scala/worksheets/pattern-matching-tricks.worksheet.sc:84:28: 
method + in class Int is deprecated since 2.13.0: Adding a number and a String is deprecated. Use the string interpolation `s"$num$str"`
  case n if n % 10 == 3 => n + "rd"
                           ^^^
[33mwarning[39m: youtube/src/main/scala/worksheets/pattern-matching-tricks.worksheet.sc:85:13: 
method + in class Int is deprecated since 2.13.0: Adding a number and a String is deprecated. Use the string interpolation `s"$num$str"`
  case _ => aNumber + "th"
            ^^^^^^^^^
2022.10.29 07:20:52 INFO  time: evaluated worksheet 'pattern-matching-tricks.worksheet.sc' in 0.95s[0m
[33mwarning[39m: youtube/src/main/scala/worksheets/pattern-matching-tricks.worksheet.sc:82:28: 
method + in class Int is deprecated since 2.13.0: Adding a number and a String is deprecated. Use the string interpolation `s"$num$str"`
  case n if n % 10 == 1 => n + "st"
                           ^^^
[33mwarning[39m: youtube/src/main/scala/worksheets/pattern-matching-tricks.worksheet.sc:83:28: 
method + in class Int is deprecated since 2.13.0: Adding a number and a String is deprecated. Use the string interpolation `s"$num$str"`
  case n if n % 10 == 2 => n + "nd"
                           ^^^
[33mwarning[39m: youtube/src/main/scala/worksheets/pattern-matching-tricks.worksheet.sc:84:28: 
method + in class Int is deprecated since 2.13.0: Adding a number and a String is deprecated. Use the string interpolation `s"$num$str"`
  case n if n % 10 == 3 => n + "rd"
                           ^^^
[33mwarning[39m: youtube/src/main/scala/worksheets/pattern-matching-tricks.worksheet.sc:85:13: 
method + in class Int is deprecated since 2.13.0: Adding a number and a String is deprecated. Use the string interpolation `s"$num$str"`
  case _ => aNumber + "th"
            ^^^^^^^^^
2022.10.29 07:21:00 INFO  time: evaluated worksheet 'pattern-matching-tricks.worksheet.sc' in 0.84s[0m
[33mwarning[39m: youtube/src/main/scala/worksheets/pattern-matching-tricks.worksheet.sc:82:28: 
method + in class Int is deprecated since 2.13.0: Adding a number and a String is deprecated. Use the string interpolation `s"$num$str"`
  case n if n % 10 == 1 => n + "st"
                           ^^^
[33mwarning[39m: youtube/src/main/scala/worksheets/pattern-matching-tricks.worksheet.sc:83:28: 
method + in class Int is deprecated since 2.13.0: Adding a number and a String is deprecated. Use the string interpolation `s"$num$str"`
  case n if n % 10 == 2 => n + "nd"
                           ^^^
[33mwarning[39m: youtube/src/main/scala/worksheets/pattern-matching-tricks.worksheet.sc:84:28: 
method + in class Int is deprecated since 2.13.0: Adding a number and a String is deprecated. Use the string interpolation `s"$num$str"`
  case n if n % 10 == 3 => n + "rd"
                           ^^^
[33mwarning[39m: youtube/src/main/scala/worksheets/pattern-matching-tricks.worksheet.sc:85:13: 
method + in class Int is deprecated since 2.13.0: Adding a number and a String is deprecated. Use the string interpolation `s"$num$str"`
  case _ => aNumber + "th"
            ^^^^^^^^^
2022.10.29 07:21:07 INFO  time: evaluated worksheet 'pattern-matching-tricks.worksheet.sc' in 1.02s[0m
[33mwarning[39m: youtube/src/main/scala/worksheets/pattern-matching-tricks.worksheet.sc:82:28: 
method + in class Int is deprecated since 2.13.0: Adding a number and a String is deprecated. Use the string interpolation `s"$num$str"`
  case n if n % 10 == 1 => n + "st"
                           ^^^
[33mwarning[39m: youtube/src/main/scala/worksheets/pattern-matching-tricks.worksheet.sc:83:28: 
method + in class Int is deprecated since 2.13.0: Adding a number and a String is deprecated. Use the string interpolation `s"$num$str"`
  case n if n % 10 == 2 => n + "nd"
                           ^^^
[33mwarning[39m: youtube/src/main/scala/worksheets/pattern-matching-tricks.worksheet.sc:84:28: 
method + in class Int is deprecated since 2.13.0: Adding a number and a String is deprecated. Use the string interpolation `s"$num$str"`
  case n if n % 10 == 3 => n + "rd"
                           ^^^
[33mwarning[39m: youtube/src/main/scala/worksheets/pattern-matching-tricks.worksheet.sc:85:13: 
method + in class Int is deprecated since 2.13.0: Adding a number and a String is deprecated. Use the string interpolation `s"$num$str"`
  case _ => aNumber + "th"
            ^^^^^^^^^
2022.10.29 07:21:16 INFO  time: evaluated worksheet 'pattern-matching-tricks.worksheet.sc' in 0.92s[0m
Oct 29, 2022 7:22:02 AM org.eclipse.lsp4j.jsonrpc.services.GenericEndpoint notify
INFO: Unsupported notification method: $/setTrace
